<?xml version="1.0" encoding="UTF-8"?>
<!-- Generated by org.testng.reporters.JUnitReportReporter -->
<testsuite hostname="SHRAVAN" failures="0" tests="1" name="testCases.googleLogin" time="5.870" errors="0" timestamp="21 Jul 2022 12:01:04 GMT" skipped="0">
  <testcase classname="testCases.googleLogin" name="loginGoogle" time="5.870"/>
</testsuite> <!-- testCases.googleLogin -->
